2026-05-17 18:53:18,154 | INFO | yo se unio al chat
2026-05-17 18:53:18,178 | INFO | Recibido -> Conectado al servidor
2026-05-17 18:53:31,116 | INFO | yo: (17/05/2026 18:53:31) yo: buenas amikos
2026-05-17 18:53:31,117 | INFO | (17/05/2026 18:53:31) yo: buenas amikos
2026-05-17 18:53:31,118 | INFO | Recibido -> (17/05/2026 18:53:31) yo: buenas amikos
2026-05-17 19:03:20,443 | INFO | El se unio al chat
2026-05-17 19:03:20,451 | INFO | Recibido -> Conectado al servidor
2026-05-17 19:05:10,457 | INFO | Gael se unio al chat
2026-05-17 19:05:10,468 | INFO | Recibido -> Conectado al servidor
2026-05-17 19:15:23,247 | INFO | Código MFA enviado a Tungsteno5027@gmail.com
2026-05-17 19:15:55,319 | INFO | Abelardo se unio al chat
2026-05-17 19:15:55,345 | INFO | Recibido -> Conectado al servidor
2026-05-17 19:16:05,890 | INFO | Abelardo: (17/05/2026 19:16:05) Abelardo: buenassss amigos míos que hay
2026-05-17 19:16:05,892 | INFO | (17/05/2026 19:16:05) Abelardo: buenassss amigos míos que hay
2026-05-17 19:16:05,892 | INFO | Recibido -> (17/05/2026 19:16:05) Abelardo: buenassss amigos míos que hay
2026-05-17 19:26:57,819 | INFO | yo se unio al chat
2026-05-17 19:47:32,898 | INFO | Sabila se unio al chat
2026-05-17 19:47:50,796 | INFO | Sabila se unio al chat
2026-05-17 19:47:50,807 | INFO | Recibido -> Conectado al servidor
2026-05-17 19:47:53,585 | INFO | Sabila se unio al chat
2026-05-17 19:47:53,595 | INFO | Recibido -> Conectado al servidor
2026-05-17 19:47:55,567 | INFO | Sabila se unio al chat
2026-05-17 19:47:55,577 | INFO | Recibido -> Conectado al servidor
2026-05-17 19:47:57,289 | INFO | Sabila se unio al chat
2026-05-17 19:47:57,298 | INFO | Recibido -> Conectado al servidor
2026-05-17 19:49:25,467 | INFO | Código MFA enviado a tungsteno5027@gmail.com
2026-05-17 19:49:50,438 | INFO | Carlos se unio al chat
2026-05-17 19:49:50,458 | INFO | Recibido -> Conectado al servidor
2026-05-17 19:50:01,482 | INFO | Carlos: (17/05/2026 19:50:01) Carlos: buenas amikos estoy en el chat yupiii
2026-05-17 19:50:01,484 | INFO | (17/05/2026 19:50:01) Carlos: buenas amikos estoy en el chat yupiii
2026-05-17 19:50:01,485 | INFO | Recibido -> (17/05/2026 19:50:01) Carlos: buenas amikos estoy en el chat yupiii
2026-05-17 19:50:39,223 | INFO | Código MFA enviado a tungsteno5027@gmail.com
2026-05-17 19:50:53,460 | INFO | Carlos se unio al chat
2026-05-17 19:50:53,481 | INFO | Recibido -> Conectado al servidor
