2026-05-14 22:13:57,289 | INFO | Servidor 'yelan' iniciado en puerto 6000 por noelia
2026-05-16 16:43:46,014 | INFO | Servidor 'la caca' iniciado en puerto 80 por www
2026-05-16 16:44:00,167 | INFO | Servidor 'la caca' iniciado en puerto 80 por www
2026-05-16 16:45:38,390 | INFO | Servidor 'willian' iniciado en puerto 90 por www
2026-05-17 18:49:48,730 | INFO | Servidor 'PROFE CARLOS SERVER' iniciado en puerto 6000 por YO
2026-05-17 18:49:48,731 | INFO | Servidor iniciado en puerto 6000
2026-05-17 18:52:56,598 | INFO | Servidor 'ss' iniciado en puerto 5000 por ss
2026-05-17 18:52:56,599 | INFO | Servidor iniciado en puerto 5000
2026-05-17 19:02:40,248 | INFO | Servidor 'El profe carlos' iniciado en puerto 6000 por yo
2026-05-17 19:02:40,249 | INFO | Servidor iniciado en puerto 6000
2026-05-17 19:04:51,548 | INFO | Servidor 'Willian Alexander' iniciado en puerto 5000 por yop
2026-05-17 19:04:51,549 | INFO | Servidor iniciado en puerto 5000
2026-05-17 19:14:48,370 | INFO | Servidor 'Yonk' iniciado en puerto 6000 por Carlos
2026-05-17 19:14:48,371 | INFO | Servidor iniciado en puerto 6000
2026-05-17 19:21:43,253 | INFO | Servidor 'hola' iniciado en puerto 6000 por a
2026-05-17 19:21:43,254 | INFO | Servidor iniciado en puerto 6000
2026-05-17 19:25:00,921 | INFO | Servidor 'Willian' iniciado en puerto 5000 por w
2026-05-17 19:25:00,922 | INFO | Servidor iniciado en puerto 5000
2026-05-17 19:26:39,551 | INFO | Servidor 'sss' iniciado en puerto 5000 por ssss
2026-05-17 19:26:39,552 | INFO | Servidor iniciado en puerto 5000
2026-05-17 19:28:33,304 | INFO | Servidor iniciado en puerto 51225
2026-05-17 19:37:09,642 | INFO | Servidor 'a' iniciado en puerto 111 por a
2026-05-17 19:37:09,644 | INFO | Servidor iniciado en puerto 111
2026-05-17 19:38:24,557 | INFO | Servidor 'aa' iniciado en puerto 111 por aa
2026-05-17 19:38:24,558 | INFO | Servidor iniciado en puerto 111
2026-05-17 19:47:11,414 | INFO | Servidor 'qqq' iniciado en puerto 5000 por qqq
2026-05-17 19:47:11,415 | INFO | Servidor iniciado en puerto 5000
2026-05-17 19:48:52,305 | INFO | Servidor 'aaaa' iniciado en puerto 111 por aaaa
2026-05-17 19:48:52,306 | INFO | Servidor iniciado en puerto 111
2026-05-17 23:32:20,748 | INFO | Servidor 'Buenas amigos míos' iniciado en puerto 5000 por yo
2026-05-17 23:32:20,751 | INFO | Servidor iniciado en puerto 5000
